RNNModel(
  (lockdrop): LockedDropout()
  (idrop): Dropout(p=0.4)
  (hdrop): Dropout(p=0.25)
  (drop): Dropout(p=0.4)
  (encoder): Embedding(10000, 400)
  (rnns): ModuleList(
    (0): WeightDrop(
      (module): LSTM(400, 1150)
    )
    (1): WeightDrop(
      (module): LSTM(1150, 1150)
    )
    (2): WeightDrop(
      (module): LSTM(1150, 400)
    )
  )
  (decoder): Linear(in_features=1150, out_features=10000, bias=True)
)
after
5000 73760 1.4462120289787541
after
10000 73760 1.374244607964167
after
15000 73760 1.3563583588400956
after
20000 73760 1.3500081617079185
after
25000 73760 1.347506959626455
after
30000 73760 1.346550635327308
after
35000 73760 1.3432780568390883
after
40000 73760 1.3407489262600172
after
45000 73760 1.342669455907029
after
50000 73760 1.3403326344622866
after
55000 73760 1.339842039578603
after
60000 73760 1.339894109837733
after
65000 73760 1.3371799321944338
after
70000 73760 1.3341530879920898
exception occur!
=========================================================================================
| End of pointer | val loss  0.27 | val ppl     1.31
=========================================================================================
after
5000 82430 1.4449354394031142
after
10000 82430 1.3861558781578283
after
15000 82430 1.3664161144531208
after
20000 82430 1.3521552317030792
after
25000 82430 1.3458962685936031
after
30000 82430 1.3466450251860147
after
35000 82430 1.3451053950618417
after
40000 82430 1.3421225268055628
after
45000 82430 1.3403770940127793
after
50000 82430 1.3343988327393634
after
55000 82430 1.3334715224305709
after
60000 82430 1.3338320576741383
after
65000 82430 1.3349926242690928
after
70000 82430 1.3331315456470738
after
75000 82430 1.3325504560702122
after
80000 82430 1.3316454637304247
exception occur!
=========================================================================================
| End of pointer | test loss  0.28 | test ppl     1.32
=========================================================================================
