RNNModel(
  (lockdrop): LockedDropout()
  (idrop): Dropout(p=0.4)
  (hdrop): Dropout(p=0.25)
  (drop): Dropout(p=0.4)
  (encoder): Embedding(10000, 400)
  (rnns): ModuleList(
    (0): WeightDrop(
      (module): LSTM(400, 1150)
    )
    (1): WeightDrop(
      (module): LSTM(1150, 1150)
    )
    (2): WeightDrop(
      (module): LSTM(1150, 400)
    )
  )
  (decoder): Linear(in_features=1150, out_features=10000, bias=True)
)
5000 73760 1.4462120289787541
10000 73760 1.374244607964167
15000 73760 1.3563583588400956
20000 73760 1.3500081617079185
25000 73760 1.347506959626455
30000 73760 1.346550635327308
35000 73760 1.3432780568390883
40000 73760 1.3407489262600172
45000 73760 1.342669455907029
50000 73760 1.3403326344622866
55000 73760 1.339842039578603
60000 73760 1.339894109837733
65000 73760 1.3371799321944338
70000 73760 1.3341530879920898
