Applying weight drop of 0.5 to weight_hh_l0
Applying weight drop of 0.5 to weight_hh_l0
Applying weight drop of 0.5 to weight_hh_l0
[WeightDrop(
  (module): GRU(400, 1150)
), WeightDrop(
  (module): GRU(1150, 1150)
), WeightDrop(
  (module): GRU(1150, 400)
)]
Args: Namespace(alpha=2, batch_size=80, beta=1, bptt=70, clip=0.25, cuda=True, data='data/wikitext-2', dropout=0.4, dropoute=0.1, dropouth=0.2, dropouti=0.65, emsize=400, epochs=750, log_interval=200, lr=30, model='GRU', nhid=1150, nlayers=3, nonmono=5, save='WT2-GRU.pt', seed=1882, tied=True, wdecay=1.2e-06, wdrop=0.5)
Model total parameters: 28503178
Using []
| epoch   1 |   200/  372 batches | lr 30.00 | ms/batch 179.43 | loss  7.30 | ppl  1475.63
-----------------------------------------------------------------------------------------
| end of epoch   1 | time: 74.94s | valid loss  6.97 | valid ppl  1064.08
-----------------------------------------------------------------------------------------
Saving Averaged!
| epoch   2 |   200/  372 batches | lr 30.00 | ms/batch 183.44 | loss  7.29 | ppl  1460.01
-----------------------------------------------------------------------------------------
| end of epoch   2 | time: 77.50s | valid loss  6.96 | valid ppl  1058.54
-----------------------------------------------------------------------------------------
Saving Averaged!
| epoch   3 |   200/  372 batches | lr 30.00 | ms/batch 189.21 | loss  7.29 | ppl  1465.03
-----------------------------------------------------------------------------------------
| end of epoch   3 | time: 78.14s | valid loss  6.97 | valid ppl  1062.94
-----------------------------------------------------------------------------------------
| epoch   4 |   200/  372 batches | lr 30.00 | ms/batch 187.15 | loss  7.28 | ppl  1457.95
-----------------------------------------------------------------------------------------
| end of epoch   4 | time: 78.42s | valid loss  6.97 | valid ppl  1063.97
-----------------------------------------------------------------------------------------
| epoch   5 |   200/  372 batches | lr 30.00 | ms/batch 188.95 | loss  7.26 | ppl  1423.24
-----------------------------------------------------------------------------------------
| end of epoch   5 | time: 77.96s | valid loss  6.96 | valid ppl  1058.37
-----------------------------------------------------------------------------------------
Saving Averaged!
| epoch   6 |   200/  372 batches | lr 30.00 | ms/batch 189.90 | loss  7.27 | ppl  1434.15
-----------------------------------------------------------------------------------------
| end of epoch   6 | time: 77.88s | valid loss  6.96 | valid ppl  1057.33
-----------------------------------------------------------------------------------------
Saving Averaged!
| epoch   7 |   200/  372 batches | lr 30.00 | ms/batch 188.76 | loss  7.26 | ppl  1415.23
-----------------------------------------------------------------------------------------
| end of epoch   7 | time: 78.36s | valid loss  6.96 | valid ppl  1055.01
-----------------------------------------------------------------------------------------
Saving Averaged!
| epoch   8 |   200/  372 batches | lr 30.00 | ms/batch 185.98 | loss  7.26 | ppl  1420.15
-----------------------------------------------------------------------------------------
| end of epoch   8 | time: 78.15s | valid loss  6.96 | valid ppl  1052.91
-----------------------------------------------------------------------------------------
Saving Averaged!
| epoch   9 |   200/  372 batches | lr 30.00 | ms/batch 187.95 | loss  7.27 | ppl  1436.65
-----------------------------------------------------------------------------------------
| end of epoch   9 | time: 78.24s | valid loss  6.96 | valid ppl  1051.32
-----------------------------------------------------------------------------------------
Saving Averaged!
| epoch  10 |   200/  372 batches | lr 30.00 | ms/batch 186.56 | loss  7.24 | ppl  1399.40
-----------------------------------------------------------------------------------------
| end of epoch  10 | time: 78.36s | valid loss  6.96 | valid ppl  1048.90
-----------------------------------------------------------------------------------------
Saving Averaged!
| epoch  11 |   200/  372 batches | lr 30.00 | ms/batch 191.77 | loss  7.28 | ppl  1451.44
-----------------------------------------------------------------------------------------
| end of epoch  11 | time: 78.76s | valid loss  6.95 | valid ppl  1048.11
-----------------------------------------------------------------------------------------
Saving Averaged!
| epoch  12 |   200/  372 batches | lr 30.00 | ms/batch 191.40 | loss  7.11 | ppl  1223.17
-----------------------------------------------------------------------------------------
| end of epoch  12 | time: 78.43s | valid loss  6.94 | valid ppl  1037.94
-----------------------------------------------------------------------------------------
Saving Averaged!
| epoch  13 |   200/  372 batches | lr 30.00 | ms/batch 187.93 | loss  7.10 | ppl  1213.77
-----------------------------------------------------------------------------------------
| end of epoch  13 | time: 78.26s | valid loss  6.90 | valid ppl   990.99
-----------------------------------------------------------------------------------------
Saving Averaged!
| epoch  14 |   200/  372 batches | lr 30.00 | ms/batch 190.02 | loss  7.10 | ppl  1211.99
-----------------------------------------------------------------------------------------
| end of epoch  14 | time: 78.07s | valid loss  6.89 | valid ppl   986.59
-----------------------------------------------------------------------------------------
Saving Averaged!
| epoch  15 |   200/  372 batches | lr 30.00 | ms/batch 189.44 | loss  7.10 | ppl  1211.34
-----------------------------------------------------------------------------------------
| end of epoch  15 | time: 78.35s | valid loss  6.89 | valid ppl   985.26
-----------------------------------------------------------------------------------------
Saving Averaged!
| epoch  16 |   200/  372 batches | lr 30.00 | ms/batch 186.87 | loss  7.10 | ppl  1211.77
-----------------------------------------------------------------------------------------
| end of epoch  16 | time: 78.07s | valid loss  6.89 | valid ppl   984.18
-----------------------------------------------------------------------------------------
Saving Averaged!
| epoch  17 |   200/  372 batches | lr 30.00 | ms/batch 190.31 | loss  7.10 | ppl  1212.55
-----------------------------------------------------------------------------------------
| end of epoch  17 | time: 78.30s | valid loss  6.89 | valid ppl   983.41
-----------------------------------------------------------------------------------------
Saving Averaged!
| epoch  18 |   200/  372 batches | lr 30.00 | ms/batch 187.29 | loss  7.10 | ppl  1210.84
-----------------------------------------------------------------------------------------
| end of epoch  18 | time: 77.96s | valid loss  6.89 | valid ppl   982.64
-----------------------------------------------------------------------------------------
Saving Averaged!
| epoch  19 |   200/  372 batches | lr 30.00 | ms/batch 190.04 | loss  7.11 | ppl  1221.16
-----------------------------------------------------------------------------------------
| end of epoch  19 | time: 78.15s | valid loss  6.89 | valid ppl   982.28
-----------------------------------------------------------------------------------------
Saving Averaged!
| epoch  20 |   200/  372 batches | lr 30.00 | ms/batch 192.02 | loss  7.10 | ppl  1214.20
-----------------------------------------------------------------------------------------
| end of epoch  20 | time: 78.28s | valid loss  6.89 | valid ppl   982.04
-----------------------------------------------------------------------------------------
Saving Averaged!
| epoch  21 |   200/  372 batches | lr 30.00 | ms/batch 188.61 | loss  7.10 | ppl  1210.63
-----------------------------------------------------------------------------------------
| end of epoch  21 | time: 77.81s | valid loss  6.89 | valid ppl   981.60
-----------------------------------------------------------------------------------------
Saving Averaged!
| epoch  22 |   200/  372 batches | lr 30.00 | ms/batch 188.53 | loss  7.10 | ppl  1210.26
-----------------------------------------------------------------------------------------
| end of epoch  22 | time: 78.03s | valid loss  6.89 | valid ppl   981.10
-----------------------------------------------------------------------------------------
Saving Averaged!
| epoch  23 |   200/  372 batches | lr 30.00 | ms/batch 192.90 | loss  7.10 | ppl  1206.94
-----------------------------------------------------------------------------------------
| end of epoch  23 | time: 79.19s | valid loss  6.89 | valid ppl   980.65
-----------------------------------------------------------------------------------------
Saving Averaged!
| epoch  24 |   200/  372 batches | lr 30.00 | ms/batch 188.84 | loss  7.09 | ppl  1205.55
-----------------------------------------------------------------------------------------
| end of epoch  24 | time: 78.50s | valid loss  6.89 | valid ppl   980.24
-----------------------------------------------------------------------------------------
Saving Averaged!
| epoch  25 |   200/  372 batches | lr 30.00 | ms/batch 188.95 | loss  7.10 | ppl  1207.09
-----------------------------------------------------------------------------------------
| end of epoch  25 | time: 78.68s | valid loss  6.89 | valid ppl   979.88
-----------------------------------------------------------------------------------------
Saving Averaged!
| epoch  26 |   200/  372 batches | lr 30.00 | ms/batch 186.01 | loss  7.10 | ppl  1206.95
-----------------------------------------------------------------------------------------
| end of epoch  26 | time: 78.92s | valid loss  6.89 | valid ppl   979.54
-----------------------------------------------------------------------------------------
Saving Averaged!
| epoch  27 |   200/  372 batches | lr 30.00 | ms/batch 190.07 | loss  7.11 | ppl  1219.41
-----------------------------------------------------------------------------------------
| end of epoch  27 | time: 77.90s | valid loss  6.89 | valid ppl   979.44
-----------------------------------------------------------------------------------------
Saving Averaged!
| epoch  28 |   200/  372 batches | lr 30.00 | ms/batch 187.47 | loss  7.10 | ppl  1207.48
-----------------------------------------------------------------------------------------
| end of epoch  28 | time: 78.74s | valid loss  6.89 | valid ppl   979.16
-----------------------------------------------------------------------------------------
Saving Averaged!
| epoch  29 |   200/  372 batches | lr 30.00 | ms/batch 190.51 | loss  7.10 | ppl  1214.73
-----------------------------------------------------------------------------------------
| end of epoch  29 | time: 79.33s | valid loss  6.89 | valid ppl   978.99
-----------------------------------------------------------------------------------------
Saving Averaged!
| epoch  30 |   200/  372 batches | lr 30.00 | ms/batch 188.33 | loss  7.10 | ppl  1206.62
-----------------------------------------------------------------------------------------
| end of epoch  30 | time: 78.05s | valid loss  6.89 | valid ppl   978.80
-----------------------------------------------------------------------------------------
Saving Averaged!
| epoch  31 |   200/  372 batches | lr 30.00 | ms/batch 187.14 | loss  7.10 | ppl  1211.97
-----------------------------------------------------------------------------------------
| end of epoch  31 | time: 78.63s | valid loss  6.89 | valid ppl   978.65
-----------------------------------------------------------------------------------------
Saving Averaged!
| epoch  32 |   200/  372 batches | lr 30.00 | ms/batch 189.72 | loss  7.10 | ppl  1212.02
-----------------------------------------------------------------------------------------
| end of epoch  32 | time: 79.04s | valid loss  6.89 | valid ppl   978.54
-----------------------------------------------------------------------------------------
Saving Averaged!
| epoch  33 |   200/  372 batches | lr 30.00 | ms/batch 190.17 | loss  7.10 | ppl  1207.50
-----------------------------------------------------------------------------------------
| end of epoch  33 | time: 78.29s | valid loss  6.89 | valid ppl   978.26
-----------------------------------------------------------------------------------------
Saving Averaged!
| epoch  34 |   200/  372 batches | lr 30.00 | ms/batch 189.03 | loss  7.10 | ppl  1210.11
-----------------------------------------------------------------------------------------
| end of epoch  34 | time: 78.72s | valid loss  6.89 | valid ppl   978.00
-----------------------------------------------------------------------------------------
Saving Averaged!
| epoch  35 |   200/  372 batches | lr 30.00 | ms/batch 190.37 | loss  7.11 | ppl  1222.33
-----------------------------------------------------------------------------------------
| end of epoch  35 | time: 79.07s | valid loss  6.89 | valid ppl   977.96
-----------------------------------------------------------------------------------------
Saving Averaged!
| epoch  36 |   200/  372 batches | lr 30.00 | ms/batch 187.73 | loss  7.10 | ppl  1209.62
-----------------------------------------------------------------------------------------
| end of epoch  36 | time: 77.78s | valid loss  6.89 | valid ppl   978.63
-----------------------------------------------------------------------------------------
| epoch  37 |   200/  372 batches | lr 30.00 | ms/batch 190.47 | loss  7.11 | ppl  1225.37
-----------------------------------------------------------------------------------------
| end of epoch  37 | time: 78.21s | valid loss  6.89 | valid ppl   979.10
-----------------------------------------------------------------------------------------
Done!
